<?xml version="1.0" encoding="utf-8"?><testsuites name="pytest tests"><testsuite name="pytest" errors="0" failures="0" skipped="0" tests="15" time="7.084" timestamp="2026-07-05T09:11:30.752724+00:00" hostname="agent-env-90bd3141-d59c-4a22-aab7-f5ee90ba7b18"><testcase classname="tests.backend_test.TestUpload" name="test_upload_requires_auth" time="0.359" /><testcase classname="tests.backend_test.TestRegression" name="test_products_public_list" time="0.414" /><testcase classname="tests.backend_test.TestRegression" name="test_reviews_public_list" time="0.438" /><testcase classname="tests.backend_test.TestUpload" name="test_upload_rejects_non_image" time="0.573" /><testcase classname="tests.backend_test.TestRegression" name="test_inquiries_admin_only_get" time="0.134" /><testcase classname="tests.backend_test.TestUpload" name="test_upload_success_and_serve" time="1.048" /><testcase classname="tests.backend_test.TestRegression" name="test_inquiry_create_public" time="0.193" /><testcase classname="tests.backend_test.TestRegression" name="test_product_create_update_image_url_persists" time="1.464" /><testcase classname="tests.backend_test.TestUpload" name="test_serve_missing_file_returns_404" time="0.153" /><testcase classname="tests.backend_test.TestAuth" name="test_login_success" time="0.437" /><testcase classname="tests.backend_test.TestAuth" name="test_me_requires_auth" time="0.146" /><testcase classname="tests.backend_test.TestSiteSettings" name="test_get_settings_public" time="0.137" /><testcase classname="tests.backend_test.TestAuth" name="test_me_authenticated" time="0.057" /><testcase classname="tests.backend_test.TestSiteSettings" name="test_put_settings_requires_auth" time="0.173" /><testcase classname="tests.backend_test.TestSiteSettings" name="test_put_settings_admin_updates_and_reset" time="1.081" /></testsuite></testsuites>